AutoDock Vina v1.2.7
#################################################################
# If you used AutoDock Vina in your work, please cite:          #
#                                                               #
# J. Eberhardt, D. Santos-Martins, A. F. Tillack, and S. Forli  #
# AutoDock Vina 1.2.0: New Docking Methods, Expanded Force      #
# Field, and Python Bindings, J. Chem. Inf. Model. (2021)       #
# DOI 10.1021/acs.jcim.1c00203                                  #
#                                                               #
# O. Trott, A. J. Olson,                                        #
# AutoDock Vina: improving the speed and accuracy of docking    #
# with a new scoring function, efficient optimization and       #
# multithreading, J. Comp. Chem. (2010)                         #
# DOI 10.1002/jcc.21334                                         #
#                                                               #
# Please see https://github.com/ccsb-scripps/AutoDock-Vina for  #
# more information.                                             #
#################################################################

Scoring function : vina
Rigid receptor: C:\Users\Guest Kellis Lab\tb-resistance-discovery\data\pdb\rpoB_L430Q.pdbqt
Ligand: C:\Users\Guest Kellis Lab\tb-resistance-discovery\data\pdb\RFP_ligand.pdbqt
Grid center: X 163.119 Y 162.91 Z 18.03
Grid size  : X 22 Y 22 Z 22
Grid space : 0.375
Exhaustiveness: 16
CPU: 0
Verbosity: 1

Computing Vina grid ... done.
Performing docking (random seed: 1685466328) ... 
0%   10   20   30   40   50   60   70   80   90   100%
|----|----|----|----|----|----|----|----|----|----|
***************************************************

mode |   affinity | dist from best mode
     | (kcal/mol) | rmsd l.b.| rmsd u.b.
-----+------------+----------+----------
   1       -9.811          0          0
   2       -9.249      1.459      2.076
   3       -7.357      3.698       6.85
   4       -7.233      2.613      4.219
   5       -7.179       3.64      8.727
   6       -7.145      4.522      10.42
   7       -7.062      3.183      6.209
   8       -6.975      4.985      11.15
   9       -6.864      2.805      4.412

WARNING: At low exhaustiveness, it may be impossible to utilize all CPUs.
