AutoDock Vina v1.2.7
#################################################################
# If you used AutoDock Vina in your work, please cite:          #
#                                                               #
# J. Eberhardt, D. Santos-Martins, A. F. Tillack, and S. Forli  #
# AutoDock Vina 1.2.0: New Docking Methods, Expanded Force      #
# Field, and Python Bindings, J. Chem. Inf. Model. (2021)       #
# DOI 10.1021/acs.jcim.1c00203                                  #
#                                                               #
# O. Trott, A. J. Olson,                                        #
# AutoDock Vina: improving the speed and accuracy of docking    #
# with a new scoring function, efficient optimization and       #
# multithreading, J. Comp. Chem. (2010)                         #
# DOI 10.1002/jcc.21334                                         #
#                                                               #
# Please see https://github.com/ccsb-scripps/AutoDock-Vina for  #
# more information.                                             #
#################################################################

Scoring function : vina
Rigid receptor: C:\Users\Guest Kellis Lab\tb-resistance-discovery\data\pdb\rpoB_L452M.pdbqt
Ligand: C:\Users\Guest Kellis Lab\tb-resistance-discovery\data\pdb\RFP_ligand.pdbqt
Grid center: X 163.119 Y 162.91 Z 18.03
Grid size  : X 22 Y 22 Z 22
Grid space : 0.375
Exhaustiveness: 16
CPU: 0
Verbosity: 1

Computing Vina grid ... done.
Performing docking (random seed: -596863316) ... 
0%   10   20   30   40   50   60   70   80   90   100%
|----|----|----|----|----|----|----|----|----|----|
***************************************************

mode |   affinity | dist from best mode
     | (kcal/mol) | rmsd l.b.| rmsd u.b.
-----+------------+----------+----------
   1        -7.71          0          0
   2       -7.587      4.182      9.224
   3       -7.489      6.434      10.91
   4       -7.389      3.213      8.579
   5       -7.313      2.862      7.226
   6       -7.187      5.677      10.29
   7       -7.149      2.869      7.896
   8       -7.123      3.132      8.338
   9       -7.013      5.707      11.06

WARNING: At low exhaustiveness, it may be impossible to utilize all CPUs.
